[01m[Kc++:[m[K [01;31m[Kfatal error: [m[KKilled signal terminated program cc1plus
compilation terminated.
gmake[2]: *** [test/CMakeFiles/test_gazebo_ros_imu_sensor.dir/build.make:76: test/CMakeFiles/test_gazebo_ros_imu_sensor.dir/test_gazebo_ros_imu_sensor.cpp.o] Error 1
gmake[1]: *** [CMakeFiles/Makefile2:1065: test/CMakeFiles/test_gazebo_ros_imu_sensor.dir/all] Error 2
gmake[1]: *** Waiting for unfinished jobs....
