[0.006s] Invoking command in '/home/vamshin24/turtlebot3_ws/build/gazebo_plugins': AMENT_PREFIX_PATH=/home/vamshin24/turtlebot3_ws/install/gazebo_ros:/home/vamshin24/turtlebot3_ws/install/gazebo_msgs:/home/vamshin24/turtlebot3_ws/install/gazebo_dev:${AMENT_PREFIX_PATH} CMAKE_PREFIX_PATH=/home/vamshin24/turtlebot3_ws/install/gazebo_ros:/home/vamshin24/turtlebot3_ws/install/gazebo_msgs:/home/vamshin24/turtlebot3_ws/install/gazebo_dev:/opt/ros/humble LD_LIBRARY_PATH=/home/vamshin24/turtlebot3_ws/install/gazebo_ros/lib:/home/vamshin24/turtlebot3_ws/install/gazebo_msgs/lib:${LD_LIBRARY_PATH} PYTHONPATH=/home/vamshin24/turtlebot3_ws/install/gazebo_ros/local/lib/python3.10/dist-packages:/home/vamshin24/turtlebot3_ws/install/gazebo_msgs/local/lib/python3.10/dist-packages:${PYTHONPATH} /usr/bin/cmake --build /home/vamshin24/turtlebot3_ws/build/gazebo_plugins -- -j4 -l4
[0.056s] [  4%] Built target gazebo_ros_template
[0.056s] [  4%] Built target gazebo_ros_joint_state_publisher
[0.058s] [  6%] Built target gazebo_ros_diff_drive
[0.059s] [  9%] Built target gazebo_ros_force
[0.077s] [ 13%] Built target gazebo_ros_imu_sensor
[0.077s] [ 13%] Built target multi_camera_plugin
[0.078s] [ 16%] Built target gazebo_ros_gps_sensor
[0.085s] [ 18%] Built target gazebo_ros_ray_sensor
[0.101s] [ 20%] Built target gazebo_ros_tricycle_drive
[0.101s] [ 23%] Built target gazebo_ros_p3d
[0.107s] [ 25%] Built target gazebo_ros_ft_sensor
[0.109s] [ 27%] Built target gazebo_ros_video
[0.128s] [ 30%] Built target gazebo_ros_harness
[0.131s] [ 32%] Built target gazebo_ros_bumper
[0.134s] [ 37%] Built target gazebo_ros_ackermann_drive
[0.134s] [ 37%] Built target gazebo_ros_hand_of_god
[0.146s] [ 39%] Built target gazebo_ros_elevator
[0.152s] [ 41%] Built target gazebo_ros_vacuum_gripper
[0.154s] [ 44%] Built target gazebo_ros_joint_pose_trajectory
[0.159s] [ 46%] Built target gazebo_ros_planar_move
[0.163s] [ 48%] Built target gtest_main
[0.170s] [ 51%] Built target gtest
[0.170s] [ 53%] Built target gazebo_ros_projector
[0.174s] [ 55%] Built target gazebo_ros_wheel_slip
[0.179s] [ 56%] [32mBuilding CXX object test/CMakeFiles/test_gazebo_ros_bumper.dir/test_gazebo_ros_bumper.cpp.o[0m
[0.188s] [ 59%] Built target gazebo_ros_camera
[0.196s] [ 61%] Built target test_gazebo_ros_ackermann_drive
[0.201s] [ 63%] Built target test_gazebo_ros_diff_drive
[0.215s] [ 66%] Built target test_gazebo_ros_elevator
[0.226s] [ 68%] Built target test_gazebo_ros_force
[0.230s] [ 70%] Built target test_gazebo_ros_ft_sensor
[0.235s] [ 72%] [32mBuilding CXX object test/CMakeFiles/test_gazebo_ros_harness.dir/test_gazebo_ros_harness.cpp.o[0m
[0.240s] [ 73%] [32mBuilding CXX object test/CMakeFiles/test_gazebo_ros_imu_sensor.dir/test_gazebo_ros_imu_sensor.cpp.o[0m
[0.241s] [ 75%] Built target test_gazebo_ros_hand_of_god
[0.263s] [ 76%] [32mBuilding CXX object test/CMakeFiles/test_gazebo_ros_gps_sensor.dir/test_gazebo_ros_gps_sensor.cpp.o[0m
[52.386s] [01m[Kc++:[m[K [01;31m[Kfatal error: [m[KKilled signal terminated program cc1plus
[52.417s] compilation terminated.
[52.420s] gmake[2]: *** [test/CMakeFiles/test_gazebo_ros_imu_sensor.dir/build.make:76: test/CMakeFiles/test_gazebo_ros_imu_sensor.dir/test_gazebo_ros_imu_sensor.cpp.o] Error 1
[52.420s] gmake[1]: *** [CMakeFiles/Makefile2:1065: test/CMakeFiles/test_gazebo_ros_imu_sensor.dir/all] Error 2
[52.420s] gmake[1]: *** Waiting for unfinished jobs....
