[  3%] Built target gazebo_ros_joint_state_publisher
[  4%] Built target gazebo_ros_template
[  6%] Built target gazebo_ros_force
[  9%] Built target gazebo_ros_imu_sensor
[ 11%] Built target multi_camera_plugin
[ 13%] Built target gazebo_ros_diff_drive
[ 16%] Built target gazebo_ros_gps_sensor
[ 18%] Built target gazebo_ros_tricycle_drive
[ 20%] Built target gazebo_ros_p3d
[ 23%] Built target gazebo_ros_ft_sensor
[ 25%] Built target gazebo_ros_ray_sensor
[ 27%] Built target gazebo_ros_video
[ 30%] Built target gazebo_ros_bumper
[ 32%] Built target gazebo_ros_hand_of_god
[ 34%] Built target gazebo_ros_harness
[ 37%] Built target gazebo_ros_elevator
[ 39%] Built target gazebo_ros_ackermann_drive
[ 41%] Built target gazebo_ros_vacuum_gripper
[ 44%] Built target gazebo_ros_joint_pose_trajectory
[ 46%] Built target gtest_main
[ 48%] Built target gtest
[ 51%] Built target gazebo_ros_planar_move
[ 53%] Built target gazebo_ros_projector
[ 54%] [32mBuilding CXX object test/CMakeFiles/test_gazebo_ros_bumper.dir/test_gazebo_ros_bumper.cpp.o[0m
[ 56%] Built target gazebo_ros_wheel_slip
[ 59%] Built target gazebo_ros_camera
[ 61%] Built target test_gazebo_ros_ackermann_drive
[ 63%] Built target test_gazebo_ros_diff_drive
[ 66%] Built target test_gazebo_ros_elevator
[ 68%] Built target test_gazebo_ros_force
[ 69%] [32mBuilding CXX object test/CMakeFiles/test_gazebo_ros_harness.dir/test_gazebo_ros_harness.cpp.o[0m
[ 70%] [32mBuilding CXX object test/CMakeFiles/test_gazebo_ros_imu_sensor.dir/test_gazebo_ros_imu_sensor.cpp.o[0m
[ 72%] [32mBuilding CXX object test/CMakeFiles/test_gazebo_ros_gps_sensor.dir/test_gazebo_ros_gps_sensor.cpp.o[0m
[ 74%] Built target test_gazebo_ros_ft_sensor
[ 76%] Built target test_gazebo_ros_hand_of_god
[ 77%] [32mBuilding CXX object test/CMakeFiles/test_gazebo_ros_joint_state_publisher.dir/test_gazebo_ros_joint_state_publisher.cpp.o[0m
[ 79%] [32mBuilding CXX object test/CMakeFiles/test_gazebo_ros_joint_pose_trajectory.dir/test_gazebo_ros_joint_pose_trajectory.cpp.o[0m
[01m[Kc++:[m[K [01;31m[Kfatal error: [m[KKilled signal terminated program cc1plus
compilation terminated.
gmake[2]: *** [test/CMakeFiles/test_gazebo_ros_imu_sensor.dir/build.make:76: test/CMakeFiles/test_gazebo_ros_imu_sensor.dir/test_gazebo_ros_imu_sensor.cpp.o] Error 1
gmake[1]: *** [CMakeFiles/Makefile2:1065: test/CMakeFiles/test_gazebo_ros_imu_sensor.dir/all] Error 2
gmake[1]: *** Waiting for unfinished jobs....
[ 80%] [32m[1mLinking CXX executable test_gazebo_ros_harness[0m
[ 80%] Built target test_gazebo_ros_harness
[ 81%] [32m[1mLinking CXX executable test_gazebo_ros_joint_pose_trajectory[0m
[ 81%] Built target test_gazebo_ros_joint_pose_trajectory
[ 82%] [32m[1mLinking CXX executable test_gazebo_ros_bumper[0m
[ 82%] Built target test_gazebo_ros_bumper
[ 83%] [32m[1mLinking CXX executable test_gazebo_ros_gps_sensor[0m
[ 83%] Built target test_gazebo_ros_gps_sensor
[ 84%] [32m[1mLinking CXX executable test_gazebo_ros_joint_state_publisher[0m
[ 84%] Built target test_gazebo_ros_joint_state_publisher
gmake: *** [Makefile:146: all] Error 2
