[0.007s] Invoking command in '/home/vamshin24/turtlebot3_ws/build/gazebo_plugins': AMENT_PREFIX_PATH=/home/vamshin24/turtlebot3_ws/install/gazebo_ros:/home/vamshin24/turtlebot3_ws/install/gazebo_msgs:/home/vamshin24/turtlebot3_ws/install/gazebo_dev:${AMENT_PREFIX_PATH} CMAKE_PREFIX_PATH=/home/vamshin24/turtlebot3_ws/install/gazebo_ros:/home/vamshin24/turtlebot3_ws/install/gazebo_msgs:/home/vamshin24/turtlebot3_ws/install/gazebo_dev:/opt/ros/humble LD_LIBRARY_PATH=/home/vamshin24/turtlebot3_ws/install/gazebo_ros/lib:/home/vamshin24/turtlebot3_ws/install/gazebo_msgs/lib:${LD_LIBRARY_PATH} PYTHONPATH=/home/vamshin24/turtlebot3_ws/install/gazebo_ros/local/lib/python3.10/dist-packages:/home/vamshin24/turtlebot3_ws/install/gazebo_msgs/local/lib/python3.10/dist-packages:${PYTHONPATH} /usr/bin/cmake --build /home/vamshin24/turtlebot3_ws/build/gazebo_plugins -- -j6 -l6
[0.058s] [  3%] Built target gazebo_ros_joint_state_publisher
[0.058s] [  4%] Built target gazebo_ros_template
[0.059s] [  6%] Built target gazebo_ros_force
[0.061s] [  9%] Built target gazebo_ros_imu_sensor
[0.061s] [ 11%] Built target multi_camera_plugin
[0.067s] [ 13%] Built target gazebo_ros_diff_drive
[0.083s] [ 16%] Built target gazebo_ros_gps_sensor
[0.090s] [ 18%] Built target gazebo_ros_tricycle_drive
[0.091s] [ 20%] Built target gazebo_ros_p3d
[0.091s] [ 23%] Built target gazebo_ros_ft_sensor
[0.097s] [ 25%] Built target gazebo_ros_ray_sensor
[0.099s] [ 27%] Built target gazebo_ros_video
[0.108s] [ 30%] Built target gazebo_ros_bumper
[0.114s] [ 32%] Built target gazebo_ros_hand_of_god
[0.117s] [ 34%] Built target gazebo_ros_harness
[0.119s] [ 37%] Built target gazebo_ros_elevator
[0.119s] [ 39%] Built target gazebo_ros_ackermann_drive
[0.121s] [ 41%] Built target gazebo_ros_vacuum_gripper
[0.130s] [ 44%] Built target gazebo_ros_joint_pose_trajectory
[0.134s] [ 46%] Built target gtest_main
[0.136s] [ 48%] Built target gtest
[0.139s] [ 51%] Built target gazebo_ros_planar_move
[0.143s] [ 53%] Built target gazebo_ros_projector
[0.147s] [ 54%] [32mBuilding CXX object test/CMakeFiles/test_gazebo_ros_bumper.dir/test_gazebo_ros_bumper.cpp.o[0m
[0.149s] [ 56%] Built target gazebo_ros_wheel_slip
[0.161s] [ 59%] Built target gazebo_ros_camera
[0.164s] [ 61%] Built target test_gazebo_ros_ackermann_drive
[0.173s] [ 63%] Built target test_gazebo_ros_diff_drive
[0.174s] [ 66%] Built target test_gazebo_ros_elevator
[0.184s] [ 68%] Built target test_gazebo_ros_force
[0.187s] [ 69%] [32mBuilding CXX object test/CMakeFiles/test_gazebo_ros_harness.dir/test_gazebo_ros_harness.cpp.o[0m
[0.187s] [ 70%] [32mBuilding CXX object test/CMakeFiles/test_gazebo_ros_imu_sensor.dir/test_gazebo_ros_imu_sensor.cpp.o[0m
[0.199s] [ 72%] [32mBuilding CXX object test/CMakeFiles/test_gazebo_ros_gps_sensor.dir/test_gazebo_ros_gps_sensor.cpp.o[0m
[0.200s] [ 74%] Built target test_gazebo_ros_ft_sensor
[0.200s] [ 76%] Built target test_gazebo_ros_hand_of_god
[0.213s] [ 77%] [32mBuilding CXX object test/CMakeFiles/test_gazebo_ros_joint_state_publisher.dir/test_gazebo_ros_joint_state_publisher.cpp.o[0m
[0.214s] [ 79%] [32mBuilding CXX object test/CMakeFiles/test_gazebo_ros_joint_pose_trajectory.dir/test_gazebo_ros_joint_pose_trajectory.cpp.o[0m
[67.721s] [01m[Kc++:[m[K [01;31m[Kfatal error: [m[KKilled signal terminated program cc1plus
[67.734s] compilation terminated.
[67.735s] gmake[2]: *** [test/CMakeFiles/test_gazebo_ros_imu_sensor.dir/build.make:76: test/CMakeFiles/test_gazebo_ros_imu_sensor.dir/test_gazebo_ros_imu_sensor.cpp.o] Error 1
[67.735s] gmake[1]: *** [CMakeFiles/Makefile2:1065: test/CMakeFiles/test_gazebo_ros_imu_sensor.dir/all] Error 2
[67.735s] gmake[1]: *** Waiting for unfinished jobs....
[156.510s] [ 80%] [32m[1mLinking CXX executable test_gazebo_ros_harness[0m
[158.731s] [ 80%] Built target test_gazebo_ros_harness
[162.619s] [ 81%] [32m[1mLinking CXX executable test_gazebo_ros_joint_pose_trajectory[0m
[163.899s] [ 81%] Built target test_gazebo_ros_joint_pose_trajectory
[164.035s] [ 82%] [32m[1mLinking CXX executable test_gazebo_ros_bumper[0m
[165.186s] [ 82%] Built target test_gazebo_ros_bumper
[168.384s] [ 83%] [32m[1mLinking CXX executable test_gazebo_ros_gps_sensor[0m
[169.517s] [ 83%] Built target test_gazebo_ros_gps_sensor
[170.171s] [ 84%] [32m[1mLinking CXX executable test_gazebo_ros_joint_state_publisher[0m
[171.051s] [ 84%] Built target test_gazebo_ros_joint_state_publisher
[171.058s] gmake: *** [Makefile:146: all] Error 2
[171.119s] Invoked command in '/home/vamshin24/turtlebot3_ws/build/gazebo_plugins' returned '2': AMENT_PREFIX_PATH=/home/vamshin24/turtlebot3_ws/install/gazebo_ros:/home/vamshin24/turtlebot3_ws/install/gazebo_msgs:/home/vamshin24/turtlebot3_ws/install/gazebo_dev:${AMENT_PREFIX_PATH} CMAKE_PREFIX_PATH=/home/vamshin24/turtlebot3_ws/install/gazebo_ros:/home/vamshin24/turtlebot3_ws/install/gazebo_msgs:/home/vamshin24/turtlebot3_ws/install/gazebo_dev:/opt/ros/humble LD_LIBRARY_PATH=/home/vamshin24/turtlebot3_ws/install/gazebo_ros/lib:/home/vamshin24/turtlebot3_ws/install/gazebo_msgs/lib:${LD_LIBRARY_PATH} PYTHONPATH=/home/vamshin24/turtlebot3_ws/install/gazebo_ros/local/lib/python3.10/dist-packages:/home/vamshin24/turtlebot3_ws/install/gazebo_msgs/local/lib/python3.10/dist-packages:${PYTHONPATH} /usr/bin/cmake --build /home/vamshin24/turtlebot3_ws/build/gazebo_plugins -- -j6 -l6
