[  2%] Built target gazebo_ros_joint_state_publisher
[  4%] Built target gazebo_ros_force
[  6%] Built target gazebo_ros_diff_drive
[  9%] Built target gazebo_ros_template
[ 11%] Built target multi_camera_plugin
[ 13%] Built target gazebo_ros_imu_sensor
[ 16%] Built target gazebo_ros_ray_sensor
[ 18%] Built target gazebo_ros_p3d
[ 20%] Built target gazebo_ros_ft_sensor
[ 23%] Built target gazebo_ros_gps_sensor
[ 25%] Built target gazebo_ros_tricycle_drive
[ 27%] Built target gazebo_ros_video
[ 30%] Built target gazebo_ros_bumper
[ 32%] Built target gazebo_ros_harness
[ 34%] Built target gazebo_ros_elevator
[ 37%] Built target gazebo_ros_ackermann_drive
[ 39%] Built target gazebo_ros_hand_of_god
[ 41%] Built target gazebo_ros_vacuum_gripper
[ 44%] Built target gtest_main
[ 46%] Built target gazebo_ros_planar_move
[ 48%] Built target gazebo_ros_joint_pose_trajectory
[ 51%] Built target gazebo_ros_projector
[ 53%] Built target gazebo_ros_wheel_slip
[ 55%] Built target gtest
[35m[1mConsolidate compiler generated dependencies of target test_gazebo_ros_bumper[0m
[ 58%] Built target gazebo_ros_camera
[ 60%] Built target test_gazebo_ros_bumper
[ 62%] Built target test_gazebo_ros_ackermann_drive
[ 65%] Built target test_gazebo_ros_force
[ 67%] Built target test_gazebo_ros_diff_drive
[ 69%] Built target test_gazebo_ros_elevator
[35m[1mConsolidate compiler generated dependencies of target test_gazebo_ros_harness[0m
[35m[1mConsolidate compiler generated dependencies of target test_gazebo_ros_joint_pose_trajectory[0m
[35m[1mConsolidate compiler generated dependencies of target test_gazebo_ros_gps_sensor[0m
[ 70%] [32mBuilding CXX object test/CMakeFiles/test_gazebo_ros_imu_sensor.dir/test_gazebo_ros_imu_sensor.cpp.o[0m
[ 73%] Built target test_gazebo_ros_ft_sensor
[35m[1mConsolidate compiler generated dependencies of target test_gazebo_ros_joint_state_publisher[0m
[ 75%] Built target test_gazebo_ros_harness
[ 77%] Built target test_gazebo_ros_hand_of_god
[ 82%] Built target test_gazebo_ros_gps_sensor
[ 82%] Built target test_gazebo_ros_joint_pose_trajectory
[ 83%] [32mBuilding CXX object test/CMakeFiles/test_gazebo_ros_p3d.dir/test_gazebo_ros_p3d.cpp.o[0m
[ 84%] [32mBuilding CXX object test/CMakeFiles/test_gazebo_ros_planar_move.dir/test_gazebo_ros_planar_move.cpp.o[0m
[ 86%] [32mBuilding CXX object test/CMakeFiles/test_gazebo_ros_tricycle_drive.dir/test_gazebo_ros_tricycle_drive.cpp.o[0m
[ 87%] [32mBuilding CXX object test/CMakeFiles/test_gazebo_ros_ray_sensor.dir/test_gazebo_ros_ray_sensor.cpp.o[0m
[ 89%] Built target test_gazebo_ros_joint_state_publisher
[ 90%] [32mBuilding CXX object test/CMakeFiles/test_gazebo_ros_vacuum_gripper.dir/test_gazebo_ros_vacuum_gripper.cpp.o[0m
[01m[Kc++:[m[K [01;31m[Kfatal error: [m[KKilled signal terminated program cc1plus
compilation terminated.
gmake[2]: *** [test/CMakeFiles/test_gazebo_ros_p3d.dir/build.make:76: test/CMakeFiles/test_gazebo_ros_p3d.dir/test_gazebo_ros_p3d.cpp.o] Error 1
gmake[1]: *** [CMakeFiles/Makefile2:1173: test/CMakeFiles/test_gazebo_ros_p3d.dir/all] Error 2
gmake[1]: *** Waiting for unfinished jobs....
