[0.008s] Invoking command in '/home/vamshin24/turtlebot3_ws/build/gazebo_plugins': CMAKE_PREFIX_PATH=/home/vamshin24/turtlebot3_ws/install/gazebo_ros:/home/vamshin24/turtlebot3_ws/install/gazebo_msgs:/home/vamshin24/turtlebot3_ws/install/gazebo_dev:/home/vamshin24/turtlebot3_ws/install/turtlebot3_fake_node:/opt/ros/humble /usr/bin/cmake --build /home/vamshin24/turtlebot3_ws/build/gazebo_plugins -- -j6 -l6
[0.070s] [  2%] Built target gazebo_ros_joint_state_publisher
[0.070s] [  4%] Built target gazebo_ros_force
[0.071s] [  6%] Built target gazebo_ros_diff_drive
[0.074s] [  9%] Built target gazebo_ros_template
[0.075s] [ 11%] Built target multi_camera_plugin
[0.075s] [ 13%] Built target gazebo_ros_imu_sensor
[0.104s] [ 16%] Built target gazebo_ros_ray_sensor
[0.104s] [ 18%] Built target gazebo_ros_p3d
[0.107s] [ 20%] Built target gazebo_ros_ft_sensor
[0.107s] [ 23%] Built target gazebo_ros_gps_sensor
[0.111s] [ 25%] Built target gazebo_ros_tricycle_drive
[0.121s] [ 27%] Built target gazebo_ros_video
[0.133s] [ 30%] Built target gazebo_ros_bumper
[0.133s] [ 32%] Built target gazebo_ros_harness
[0.135s] [ 34%] Built target gazebo_ros_elevator
[0.137s] [ 37%] Built target gazebo_ros_ackermann_drive
[0.137s] [ 39%] Built target gazebo_ros_hand_of_god
[0.152s] [ 41%] Built target gazebo_ros_vacuum_gripper
[0.158s] [ 44%] Built target gtest_main
[0.161s] [ 46%] Built target gazebo_ros_planar_move
[0.164s] [ 48%] Built target gazebo_ros_joint_pose_trajectory
[0.164s] [ 51%] Built target gazebo_ros_projector
[0.168s] [ 53%] Built target gazebo_ros_wheel_slip
[0.168s] [ 55%] Built target gtest
[0.177s] [35m[1mConsolidate compiler generated dependencies of target test_gazebo_ros_bumper[0m
[0.193s] [ 58%] Built target gazebo_ros_camera
[0.199s] [ 60%] Built target test_gazebo_ros_bumper
[0.200s] [ 62%] Built target test_gazebo_ros_ackermann_drive
[0.201s] [ 65%] Built target test_gazebo_ros_force
[0.201s] [ 67%] Built target test_gazebo_ros_diff_drive
[0.207s] [ 69%] Built target test_gazebo_ros_elevator
[0.209s] [35m[1mConsolidate compiler generated dependencies of target test_gazebo_ros_harness[0m
[0.215s] [35m[1mConsolidate compiler generated dependencies of target test_gazebo_ros_joint_pose_trajectory[0m
[0.215s] [35m[1mConsolidate compiler generated dependencies of target test_gazebo_ros_gps_sensor[0m
[0.224s] [ 70%] [32mBuilding CXX object test/CMakeFiles/test_gazebo_ros_imu_sensor.dir/test_gazebo_ros_imu_sensor.cpp.o[0m
[0.224s] [ 73%] Built target test_gazebo_ros_ft_sensor
[0.232s] [35m[1mConsolidate compiler generated dependencies of target test_gazebo_ros_joint_state_publisher[0m
[0.234s] [ 75%] Built target test_gazebo_ros_harness
[0.234s] [ 77%] Built target test_gazebo_ros_hand_of_god
[0.239s] [ 82%] Built target test_gazebo_ros_gps_sensor
[0.239s] [ 82%] Built target test_gazebo_ros_joint_pose_trajectory
[0.245s] [ 83%] [32mBuilding CXX object test/CMakeFiles/test_gazebo_ros_p3d.dir/test_gazebo_ros_p3d.cpp.o[0m
[0.248s] [ 84%] [32mBuilding CXX object test/CMakeFiles/test_gazebo_ros_planar_move.dir/test_gazebo_ros_planar_move.cpp.o[0m
[0.251s] [ 86%] [32mBuilding CXX object test/CMakeFiles/test_gazebo_ros_tricycle_drive.dir/test_gazebo_ros_tricycle_drive.cpp.o[0m
[0.252s] [ 87%] [32mBuilding CXX object test/CMakeFiles/test_gazebo_ros_ray_sensor.dir/test_gazebo_ros_ray_sensor.cpp.o[0m
[0.253s] [ 89%] Built target test_gazebo_ros_joint_state_publisher
[0.276s] [ 90%] [32mBuilding CXX object test/CMakeFiles/test_gazebo_ros_vacuum_gripper.dir/test_gazebo_ros_vacuum_gripper.cpp.o[0m
[75.485s] [01m[Kc++:[m[K [01;31m[Kfatal error: [m[KKilled signal terminated program cc1plus
[75.500s] compilation terminated.
[75.500s] gmake[2]: *** [test/CMakeFiles/test_gazebo_ros_p3d.dir/build.make:76: test/CMakeFiles/test_gazebo_ros_p3d.dir/test_gazebo_ros_p3d.cpp.o] Error 1
[75.501s] gmake[1]: *** [CMakeFiles/Makefile2:1173: test/CMakeFiles/test_gazebo_ros_p3d.dir/all] Error 2
[75.501s] gmake[1]: *** Waiting for unfinished jobs....
