[0.006s] Invoking command in '/home/vamshin24/turtlebot3_ws/build/gazebo_plugins': CMAKE_PREFIX_PATH=/home/vamshin24/turtlebot3_ws/install/gazebo_ros:/home/vamshin24/turtlebot3_ws/install/gazebo_msgs:/home/vamshin24/turtlebot3_ws/install/gazebo_dev:/home/vamshin24/turtlebot3_ws/install/turtlebot3_fake_node:/opt/ros/humble /usr/bin/cmake --build /home/vamshin24/turtlebot3_ws/build/gazebo_plugins -- -j4 -l4
[0.040s] [35m[1mConsolidate compiler generated dependencies of target gazebo_ros_force[0m
[0.040s] [35m[1mConsolidate compiler generated dependencies of target gazebo_ros_joint_state_publisher[0m
[0.041s] [35m[1mConsolidate compiler generated dependencies of target gazebo_ros_diff_drive[0m
[0.041s] [35m[1mConsolidate compiler generated dependencies of target gazebo_ros_template[0m
[0.064s] [  5%] Built target gazebo_ros_joint_state_publisher
[0.064s] [  5%] Built target gazebo_ros_template
[0.064s] [  8%] Built target gazebo_ros_force
[0.064s] [  9%] Built target gazebo_ros_diff_drive
[0.073s] [35m[1mConsolidate compiler generated dependencies of target gazebo_ros_imu_sensor[0m
[0.073s] [35m[1mConsolidate compiler generated dependencies of target gazebo_ros_ray_sensor[0m
[0.073s] [35m[1mConsolidate compiler generated dependencies of target multi_camera_plugin[0m
[0.086s] [35m[1mConsolidate compiler generated dependencies of target gazebo_ros_gps_sensor[0m
[0.091s] [ 11%] Built target gazebo_ros_imu_sensor
[0.093s] [ 13%] Built target gazebo_ros_ray_sensor
[0.095s] [ 16%] Built target multi_camera_plugin
[0.099s] [35m[1mConsolidate compiler generated dependencies of target gazebo_ros_p3d[0m
[0.102s] [ 18%] Built target gazebo_ros_gps_sensor
[0.102s] [35m[1mConsolidate compiler generated dependencies of target gazebo_ros_tricycle_drive[0m
[0.103s] [35m[1mConsolidate compiler generated dependencies of target gazebo_ros_video[0m
[0.109s] [35m[1mConsolidate compiler generated dependencies of target gazebo_ros_ft_sensor[0m
[0.117s] [ 20%] Built target gazebo_ros_p3d
[0.118s] [ 23%] Built target gazebo_ros_tricycle_drive
[0.124s] [35m[1mConsolidate compiler generated dependencies of target gazebo_ros_bumper[0m
[0.124s] [ 25%] Built target gazebo_ros_ft_sensor
[0.125s] [35m[1mConsolidate compiler generated dependencies of target gazebo_ros_harness[0m
[0.127s] [ 27%] Built target gazebo_ros_video
[0.130s] [35m[1mConsolidate compiler generated dependencies of target gazebo_ros_hand_of_god[0m
[0.140s] [ 30%] Built target gazebo_ros_harness
[0.140s] [ 32%] Built target gazebo_ros_bumper
[0.141s] [35m[1mConsolidate compiler generated dependencies of target gazebo_ros_ackermann_drive[0m
[0.147s] [ 34%] Built target gazebo_ros_hand_of_god
[0.147s] [35m[1mConsolidate compiler generated dependencies of target gazebo_ros_vacuum_gripper[0m
[0.147s] [35m[1mConsolidate compiler generated dependencies of target gazebo_ros_elevator[0m
[0.154s] [35m[1mConsolidate compiler generated dependencies of target gazebo_ros_joint_pose_trajectory[0m
[0.158s] [ 37%] Built target gazebo_ros_ackermann_drive
[0.162s] [ 40%] Built target gazebo_ros_elevator
[0.162s] [ 41%] Built target gazebo_ros_vacuum_gripper
[0.167s] [35m[1mConsolidate compiler generated dependencies of target gazebo_ros_planar_move[0m
[0.169s] [35m[1mConsolidate compiler generated dependencies of target gazebo_ros_projector[0m
[0.170s] [ 44%] Built target gazebo_ros_joint_pose_trajectory
[0.170s] [35m[1mConsolidate compiler generated dependencies of target gazebo_ros_wheel_slip[0m
[0.176s] [35m[1mConsolidate compiler generated dependencies of target gtest_main[0m
[0.181s] [ 46%] Built target gtest_main
[0.186s] [35m[1mConsolidate compiler generated dependencies of target gtest[0m
[0.186s] [ 48%] Built target gazebo_ros_projector
[0.190s] [ 52%] Built target gazebo_ros_planar_move
[0.190s] [ 53%] Built target gazebo_ros_wheel_slip
[0.191s] [ 55%] Built target gtest
[0.195s] [35m[1mConsolidate compiler generated dependencies of target gazebo_ros_camera[0m
[0.199s] [35m[1mConsolidate compiler generated dependencies of target test_gazebo_ros_diff_drive[0m
[0.199s] [35m[1mConsolidate compiler generated dependencies of target test_gazebo_ros_ackermann_drive[0m
[0.201s] [ 56%] [32mBuilding CXX object test/CMakeFiles/test_gazebo_ros_bumper.dir/test_gazebo_ros_bumper.cpp.o[0m
[0.217s] [ 59%] Built target gazebo_ros_camera
[0.220s] [ 61%] Built target test_gazebo_ros_ackermann_drive
[0.220s] [ 63%] Built target test_gazebo_ros_diff_drive
[0.227s] [35m[1mConsolidate compiler generated dependencies of target test_gazebo_ros_elevator[0m
[0.228s] [35m[1mConsolidate compiler generated dependencies of target test_gazebo_ros_force[0m
[0.229s] [35m[1mConsolidate compiler generated dependencies of target test_gazebo_ros_ft_sensor[0m
[0.252s] [ 69%] Built target test_gazebo_ros_force
[0.252s] [ 69%] Built target test_gazebo_ros_elevator
[0.252s] [ 70%] Built target test_gazebo_ros_ft_sensor
[0.260s] [35m[1mConsolidate compiler generated dependencies of target test_gazebo_ros_hand_of_god[0m
[0.262s] [ 72%] [32mBuilding CXX object test/CMakeFiles/test_gazebo_ros_harness.dir/test_gazebo_ros_harness.cpp.o[0m
[0.262s] [ 73%] [32mBuilding CXX object test/CMakeFiles/test_gazebo_ros_imu_sensor.dir/test_gazebo_ros_imu_sensor.cpp.o[0m
[0.289s] [ 75%] Built target test_gazebo_ros_hand_of_god
[0.300s] [ 76%] [32mBuilding CXX object test/CMakeFiles/test_gazebo_ros_gps_sensor.dir/test_gazebo_ros_gps_sensor.cpp.o[0m
[51.274s] [01m[Kc++:[m[K [01;31m[Kfatal error: [m[KKilled signal terminated program cc1plus
[51.290s] compilation terminated.
[51.291s] gmake[2]: *** [test/CMakeFiles/test_gazebo_ros_harness.dir/build.make:76: test/CMakeFiles/test_gazebo_ros_harness.dir/test_gazebo_ros_harness.cpp.o] Error 1
[51.291s] gmake[1]: *** [CMakeFiles/Makefile2:1038: test/CMakeFiles/test_gazebo_ros_harness.dir/all] Error 2
[51.291s] gmake[1]: *** Waiting for unfinished jobs....
